#
# There is insufficient memory for the Java Runtime Environment to continue.
# Native memory allocation (mmap) failed to map 36700160 bytes for Failed to commit area from 0x000000008dd00000 to 0x0000000090000000 of length 36700160.
# Possible reasons:
#   The system is out of physical RAM or swap space
#   The process is running with CompressedOops enabled, and the Java Heap may be blocking the growth of the native heap
# Possible solutions:
#   Reduce memory load on the system
#   Increase physical memory or swap space
#   Check if swap backing store is full
#   Decrease Java heap size (-Xmx/-Xms)
#   Decrease number of Java threads
#   Decrease Java thread stack sizes (-Xss)
#   Set larger code cache with -XX:ReservedCodeCacheSize=
#   JVM is running with Unscaled Compressed Oops mode in which the Java heap is
#     placed in the first 4GB address space. The Java Heap base address is the
#     maximum limit for the native heap growth. Please use -XX:HeapBaseMinAddress
#     to set the Java Heap base and to place the Java Heap above 4GB virtual address.
# This output file may be truncated or incomplete.
#
#  Out of Memory Error (./open/src/hotspot/os/windows/os_windows.cpp:3287), pid=200116, tid=202612
#
# JRE version: Java(TM) SE Runtime Environment 18.9 (11.0.16.1+1) (build 11.0.16.1+1-LTS-1)
# Java VM: Java HotSpot(TM) 64-Bit Server VM 18.9 (11.0.16.1+1-LTS-1, mixed mode, tiered, compressed oops, g1 gc, windows-amd64)
# No core dump will be written. Minidumps are not enabled by default on client versions of Windows
#

---------------  S U M M A R Y ------------

Command Line: -ea -javaagent:C:\Users\Shelly\.m2\repository/org/aspectj/aspectjweaver/1.8.10/aspectjweaver-1.8.10.jar -Dfile.encoding=UTF-8 org.testng.remote.RemoteTestNG -serport 54041 -protocol json -d C:\Users\Shelly\git\SeleniumJavaFramework\test-output C:\Users\Shelly\AppData\Local\Temp\testng-eclipse-197322411\testng-customsuite.xml

Host: Intel(R) Core(TM) i5-1035G4 CPU @ 1.10GHz, 8 cores, 7G,  Windows 11 , 64 bit Build 22000 (10.0.22000.1335)
Time: Thu Jan 26 13:07:55 2023 SE Asia Standard Time elapsed time: 14.237507 seconds (0d 0h 0m 14s)

---------------  T H R E A D  ---------------

Current thread (0x00000199fd1c2000):  VMThread "VM Thread" [stack: 0x0000002ef8100000,0x0000002ef8200000] [id=202612]

Stack: [0x0000002ef8100000,0x0000002ef8200000]
[error occurred during error reporting (printing stack bounds), id 0xc0000005, EXCEPTION_ACCESS_VIOLATION (0xc0000005) at pc=0x00000199e6a110e7]

Native frames: (J=compiled Java code, j=interpreted, Vv=VM code, C=native code)
V  [jvm.dll+0x62a3da]
V  [jvm.dll+0x76407f]
V  [jvm.dll+0x765729]
V  [jvm.dll+0x765d15]
V  [jvm.dll+0x765ccb]
V  [jvm.dll+0x6298c3]
V  [jvm.dll+0x629fd8]
C  [ntdll.dll+0xa8b1f]
C  [ntdll.dll+0x35b9a]
C  [ntdll.dll+0xa7b2e]
C  0x00000199e6a110e7

VM_Operation (0x0000002ef7bf7560): G1CollectForAllocation, mode: safepoint, requested by thread 0x00000199df370800


---------------  P R O C E S S  ---------------

Threads class SMR info:
_java_thread_list=0x00000199ff5b26d0, length=23, elements={
0x00000199df370800, 0x00000199fd1c2800, 0x00000199fd1f5800, 0x00000199fdb52800,
0x00000199fd1fe800, 0x00000199fd1ff800, 0x00000199fd200000, 0x00000199fdb56000,
0x00000199fdb6a800, 0x00000199fdcb7800, 0x0000019980b27800, 0x00000199ff21f800,
0x0000019980b93800, 0x00000199fe62a800, 0x0000019980e4b000, 0x00000199802df800,
0x000001998103f000, 0x0000019980d9f800, 0x0000019980fc4800, 0x00000199fec6d000,
0x00000199fec72000, 0x00000199fec6f800, 0x00000199fec6e000
}

Java Threads: ( => current thread )
  0x00000199df370800 JavaThread "Forwarding newSession on session null to remote" [_thread_blocked, id=191452, stack(0x0000002ef7b00000,0x0000002ef7c00000)]
  0x00000199fd1c2800 JavaThread "Reference Handler" daemon [_thread_blocked, id=206308, stack(0x0000002ef8200000,0x0000002ef8300000)]
  0x00000199fd1f5800 JavaThread "Finalizer" daemon [_thread_blocked, id=202548, stack(0x0000002ef8300000,0x0000002ef8400000)]
  0x00000199fdb52800 JavaThread "Signal Dispatcher" daemon [_thread_blocked, id=159836, stack(0x0000002ef8400000,0x0000002ef8500000)]
  0x00000199fd1fe800 JavaThread "Attach Listener" daemon [_thread_blocked, id=206488, stack(0x0000002ef8500000,0x0000002ef8600000)]
  0x00000199fd1ff800 JavaThread "Service Thread" daemon [_thread_blocked, id=202004, stack(0x0000002ef8600000,0x0000002ef8700000)]
  0x00000199fd200000 JavaThread "C2 CompilerThread0" daemon [_thread_blocked, id=198384, stack(0x0000002ef8700000,0x0000002ef8800000)]
  0x00000199fdb56000 JavaThread "C1 CompilerThread0" daemon [_thread_blocked, id=206288, stack(0x0000002ef8800000,0x0000002ef8900000)]
  0x00000199fdb6a800 JavaThread "Sweeper thread" daemon [_thread_blocked, id=204396, stack(0x0000002ef8900000,0x0000002ef8a00000)]
  0x00000199fdcb7800 JavaThread "Common-Cleaner" daemon [_thread_blocked, id=206360, stack(0x0000002ef8a00000,0x0000002ef8b00000)]
  0x0000019980b27800 JavaThread "ReaderThread" [_thread_in_native, id=164900, stack(0x0000002ef8f00000,0x0000002ef9000000)]
  0x00000199ff21f800 JavaThread "ForkJoinPool.commonPool-worker-3" daemon [_thread_blocked, id=166512, stack(0x0000002ef9400000,0x0000002ef9500000)]
  0x0000019980b93800 JavaThread "ForkJoinPool.commonPool-worker-5" daemon [_thread_blocked, id=202876, stack(0x0000002ef9500000,0x0000002ef9600000)]
  0x00000199fe62a800 JavaThread "ForkJoinPool.commonPool-worker-7" daemon [_thread_blocked, id=203252, stack(0x0000002ef9600000,0x0000002ef9700000)]
  0x0000019980e4b000 JavaThread "AsyncHttpClient-1-1" daemon [_thread_blocked, id=199832, stack(0x0000002ef9700000,0x0000002ef9800000)]
  0x00000199802df800 JavaThread "Exec Default Executor" daemon [_thread_in_native, id=206620, stack(0x0000002ef9800000,0x0000002ef9900000)]
  0x000001998103f000 JavaThread "Driver Service Executor" daemon [_thread_blocked, id=205024, stack(0x0000002ef9900000,0x0000002ef9a00000)]
  0x0000019980d9f800 JavaThread "Driver Service Executor" daemon [_thread_blocked, id=196660, stack(0x0000002ef9a00000,0x0000002ef9b00000)]
  0x0000019980fc4800 JavaThread "UrlChecker-2" daemon [_thread_blocked, id=202440, stack(0x0000002ef9b00000,0x0000002ef9c00000)]
  0x00000199fec6d000 JavaThread "Exec Stream Pumper" daemon [_thread_in_native, id=203352, stack(0x0000002ef9c00000,0x0000002ef9d00000)]
  0x00000199fec72000 JavaThread "Exec Stream Pumper" daemon [_thread_in_native, id=202688, stack(0x0000002ef9d00000,0x0000002ef9e00000)]
  0x00000199fec6f800 JavaThread "Keep-Alive-Timer" daemon [_thread_blocked, id=203620, stack(0x0000002ef9e00000,0x0000002ef9f00000)]
  0x00000199fec6e000 JavaThread "AsyncHttpClient-1-2" daemon [_thread_in_native, id=202568, stack(0x0000002ef9f00000,0x0000002efa000000)]

Other Threads:
=>0x00000199fd1c2000 VMThread "VM Thread" [stack: 0x0000002ef8100000,0x0000002ef8200000] [id=202612]
  0x00000199fe02e800 WatcherThread [stack: 0x0000002ef8b00000,0x0000002ef8c00000] [id=202384]
  0x00000199df383000 GCTaskThread "GC Thread#0" [stack: 0x0000002ef7c00000,0x0000002ef7d00000] [id=178236]
  0x00000199fe5dc000 GCTaskThread "GC Thread#1" [stack: 0x0000002ef8c00000,0x0000002ef8d00000] [id=205584]
  0x00000199fe5c1800 GCTaskThread "GC Thread#2" [stack: 0x0000002ef8d00000,0x0000002ef8e00000] [id=206292]
  0x0000019980c55800 GCTaskThread "GC Thread#3" [stack: 0x0000002ef9000000,0x0000002ef9100000] [id=138368]
  0x00000199df3b4000 ConcurrentGCThread "G1 Main Marker" [stack: 0x0000002ef7d00000,0x0000002ef7e00000] [id=201292]
  0x00000199df3b6000 ConcurrentGCThread "G1 Conc#0" [stack: 0x0000002ef7e00000,0x0000002ef7f00000] [id=165384]
  0x00000199ff232800 ConcurrentGCThread "G1 Conc#1" [stack: 0x0000002ef9300000,0x0000002ef9400000] [id=179220]
  0x00000199fd030800 ConcurrentGCThread "G1 Refine#0" [stack: 0x0000002ef7f00000,0x0000002ef8000000] [id=107288]
  0x0000019980c56000 ConcurrentGCThread "G1 Refine#1" [stack: 0x0000002ef9100000,0x0000002ef9200000] [id=202600]
  0x00000199fe899000 ConcurrentGCThread "G1 Refine#2" [stack: 0x0000002ef9200000,0x0000002ef9300000] [id=206380]
  0x00000199df439000 ConcurrentGCThread "G1 Young RemSet Sampling" [stack: 0x0000002ef8000000,0x0000002ef8100000] [id=179680]

Threads with active compile tasks:
C2 CompilerThread0    14271 3529 %     4       org.aspectj.util.GenericSignatureParser::tokenize @ 34 (822 bytes)

VM state:at safepoint (normal execution)

VM Mutex/Monitor currently owned by a thread:  ([mutex/lock_event])
[0x00000199df36c930] Threads_lock - owner thread: 0x00000199fd1c2000
[0x00000199df36d740] Heap_lock - owner thread: 0x00000199df370800

Heap address: 0x0000000083200000, size: 1998 MB, Compressed Oops mode: 32-bit
Narrow klass base: 0x0000000000000000, Narrow klass shift: 3
Compressed class space size: 1073741824 Address: 0x0000000100000000

Heap:
 garbage-first heap   total 210944K, used 59355K [0x0000000083200000, 0x0000000100000000)
  region size 1024K, 7 young (7168K), 7 survivors (7168K)
 Metaspace       used 37940K, capacity 38694K, committed 38992K, reserved 1083392K
  class space    used 4169K, capacity 4486K, committed 4608K, reserved 1048576K
Heap Regions: E=young(eden), S=young(survivor), O=old, HS=humongous(starts), HC=humongous(continues), CS=collection set, F=free, A=archive, TAMS=top-at-mark-start (previous, next)
|   0|0x0000000083200000, 0x0000000083300000, 0x0000000083300000|100%| O|  |TAMS 0x0000000083300000, 0x0000000083300000| Untracked 
|   1|0x0000000083300000, 0x0000000083400000, 0x0000000083400000|100%| O|  |TAMS 0x0000000083400000, 0x0000000083400000| Untracked 
|   2|0x0000000083400000, 0x0000000083500000, 0x0000000083500000|100%| O|  |TAMS 0x0000000083500000, 0x0000000083500000| Untracked 
|   3|0x0000000083500000, 0x0000000083600000, 0x0000000083600000|100%| O|  |TAMS 0x0000000083600000, 0x0000000083600000| Untracked 
|   4|0x0000000083600000, 0x0000000083700000, 0x0000000083700000|100%| O|  |TAMS 0x0000000083700000, 0x0000000083700000| Untracked 
|   5|0x0000000083700000, 0x0000000083800000, 0x0000000083800000|100%| O|  |TAMS 0x0000000083800000, 0x0000000083800000| Untracked 
|   6|0x0000000083800000, 0x0000000083900000, 0x0000000083900000|100%| O|  |TAMS 0x0000000083900000, 0x0000000083900000| Untracked 
|   7|0x0000000083900000, 0x0000000083a00000, 0x0000000083a00000|100%| O|  |TAMS 0x0000000083a00000, 0x0000000083a00000| Untracked 
|   8|0x0000000083a00000, 0x0000000083b00000, 0x0000000083b00000|100%| O|  |TAMS 0x0000000083b00000, 0x0000000083b00000| Untracked 
|   9|0x0000000083b00000, 0x0000000083c00000, 0x0000000083c00000|100%| O|  |TAMS 0x0000000083c00000, 0x0000000083c00000| Untracked 
|  10|0x0000000083c00000, 0x0000000083d00000, 0x0000000083d00000|100%| O|  |TAMS 0x0000000083d00000, 0x0000000083d00000| Untracked 
|  11|0x0000000083d00000, 0x0000000083e00000, 0x0000000083e00000|100%| O|  |TAMS 0x0000000083e00000, 0x0000000083e00000| Untracked 
|  12|0x0000000083e00000, 0x0000000083f00000, 0x0000000083f00000|100%| O|  |TAMS 0x0000000083f00000, 0x0000000083f00000| Untracked 
|  13|0x0000000083f00000, 0x0000000084000000, 0x0000000084000000|100%| O|  |TAMS 0x0000000084000000, 0x0000000084000000| Untracked 
|  14|0x0000000084000000, 0x0000000084100000, 0x0000000084100000|100%| O|  |TAMS 0x0000000084100000, 0x0000000084100000| Untracked 
|  15|0x0000000084100000, 0x0000000084200000, 0x0000000084200000|100%| O|  |TAMS 0x0000000084200000, 0x0000000084200000| Untracked 
|  16|0x0000000084200000, 0x0000000084300000, 0x0000000084300000|100%| O|  |TAMS 0x0000000084300000, 0x0000000084300000| Untracked 
|  17|0x0000000084300000, 0x0000000084400000, 0x0000000084400000|100%| O|  |TAMS 0x0000000084400000, 0x0000000084400000| Untracked 
|  18|0x0000000084400000, 0x0000000084500000, 0x0000000084500000|100%| O|  |TAMS 0x0000000084500000, 0x0000000084500000| Untracked 
|  19|0x0000000084500000, 0x0000000084600000, 0x0000000084600000|100%| O|  |TAMS 0x0000000084600000, 0x0000000084600000| Untracked 
|  20|0x0000000084600000, 0x0000000084700000, 0x0000000084700000|100%| O|  |TAMS 0x0000000084700000, 0x0000000084700000| Untracked 
|  21|0x0000000084700000, 0x0000000084800000, 0x0000000084800000|100%| O|  |TAMS 0x0000000084800000, 0x0000000084800000| Untracked 
|  22|0x0000000084800000, 0x0000000084900000, 0x0000000084900000|100%| O|  |TAMS 0x0000000084900000, 0x0000000084900000| Untracked 
|  23|0x0000000084900000, 0x0000000084a00000, 0x0000000084a00000|100%| O|  |TAMS 0x0000000084a00000, 0x0000000084a00000| Untracked 
|  24|0x0000000084a00000, 0x0000000084b00000, 0x0000000084b00000|100%| O|  |TAMS 0x0000000084b00000, 0x0000000084b00000| Untracked 
|  25|0x0000000084b00000, 0x0000000084c00000, 0x0000000084c00000|100%| O|  |TAMS 0x0000000084c00000, 0x0000000084c00000| Untracked 
|  26|0x0000000084c00000, 0x0000000084d00000, 0x0000000084d00000|100%| O|  |TAMS 0x0000000084d00000, 0x0000000084d00000| Untracked 
|  27|0x0000000084d00000, 0x0000000084e00000, 0x0000000084e00000|100%| O|  |TAMS 0x0000000084e00000, 0x0000000084e00000| Untracked 
|  28|0x0000000084e00000, 0x0000000084f00000, 0x0000000084f00000|100%| O|  |TAMS 0x0000000084f00000, 0x0000000084f00000| Untracked 
|  29|0x0000000084f00000, 0x0000000085000000, 0x0000000085000000|100%| O|  |TAMS 0x0000000085000000, 0x0000000085000000| Untracked 
|  30|0x0000000085000000, 0x0000000085100000, 0x0000000085100000|100%| O|  |TAMS 0x0000000085100000, 0x0000000085100000| Untracked 
|  31|0x0000000085100000, 0x0000000085200000, 0x0000000085200000|100%| O|  |TAMS 0x0000000085200000, 0x0000000085200000| Untracked 
|  32|0x0000000085200000, 0x0000000085300000, 0x0000000085300000|100%| O|  |TAMS 0x0000000085300000, 0x0000000085300000| Untracked 
|  33|0x0000000085300000, 0x0000000085400000, 0x0000000085400000|100%| O|  |TAMS 0x0000000085400000, 0x0000000085400000| Untracked 
|  34|0x0000000085400000, 0x0000000085500000, 0x0000000085500000|100%| O|  |TAMS 0x0000000085500000, 0x0000000085500000| Untracked 
|  35|0x0000000085500000, 0x0000000085600000, 0x0000000085600000|100%| O|  |TAMS 0x0000000085600000, 0x0000000085600000| Untracked 
|  36|0x0000000085600000, 0x0000000085700000, 0x0000000085700000|100%| O|  |TAMS 0x0000000085700000, 0x0000000085700000| Untracked 
|  37|0x0000000085700000, 0x0000000085800000, 0x0000000085800000|100%| O|  |TAMS 0x0000000085800000, 0x0000000085800000| Untracked 
|  38|0x0000000085800000, 0x0000000085900000, 0x0000000085900000|100%| O|  |TAMS 0x0000000085900000, 0x0000000085900000| Untracked 
|  39|0x0000000085900000, 0x0000000085a00000, 0x0000000085a00000|100%| O|  |TAMS 0x0000000085a00000, 0x0000000085a00000| Untracked 
|  40|0x0000000085a00000, 0x0000000085b00000, 0x0000000085b00000|100%| O|  |TAMS 0x0000000085b00000, 0x0000000085b00000| Untracked 
|  41|0x0000000085b00000, 0x0000000085c00000, 0x0000000085c00000|100%| O|  |TAMS 0x0000000085c00000, 0x0000000085c00000| Untracked 
|  42|0x0000000085c00000, 0x0000000085d00000, 0x0000000085d00000|100%| O|  |TAMS 0x0000000085d00000, 0x0000000085d00000| Untracked 
|  43|0x0000000085d00000, 0x0000000085e00000, 0x0000000085e00000|100%| O|  |TAMS 0x0000000085e00000, 0x0000000085e00000| Untracked 
|  44|0x0000000085e00000, 0x0000000085f00000, 0x0000000085f00000|100%| O|  |TAMS 0x0000000085f00000, 0x0000000085f00000| Untracked 
|  45|0x0000000085f00000, 0x0000000086000000, 0x0000000086000000|100%| O|  |TAMS 0x0000000086000000, 0x0000000086000000| Untracked 
|  46|0x0000000086000000, 0x00000000860a5200, 0x0000000086100000| 64%| O|  |TAMS 0x00000000860a5200, 0x00000000860a5200| Untracked 
|  47|0x0000000086100000, 0x0000000086200000, 0x0000000086200000|100%|HS|  |TAMS 0x0000000086100000, 0x0000000086200000| Complete 
|  48|0x0000000086200000, 0x0000000086300000, 0x0000000086300000|100%|HC|  |TAMS 0x0000000086200000, 0x0000000086300000| Complete 
|  49|0x0000000086300000, 0x0000000086400000, 0x0000000086400000|100%|HC|  |TAMS 0x0000000086300000, 0x0000000086400000| Complete 
|  50|0x0000000086400000, 0x0000000086500000, 0x0000000086500000|100%|HC|  |TAMS 0x0000000086400000, 0x0000000086500000| Complete 
|  51|0x0000000086500000, 0x0000000086600000, 0x0000000086600000|100%|HC|  |TAMS 0x0000000086500000, 0x0000000086600000| Complete 
|  52|0x0000000086600000, 0x0000000086600000, 0x0000000086700000|  0%| F|  |TAMS 0x0000000086600000, 0x0000000086600000| Untracked 
|  53|0x0000000086700000, 0x0000000086700000, 0x0000000086800000|  0%| F|  |TAMS 0x0000000086700000, 0x0000000086700000| Untracked 
|  54|0x0000000086800000, 0x0000000086800000, 0x0000000086900000|  0%| F|  |TAMS 0x0000000086800000, 0x0000000086800000| Untracked 
|  55|0x0000000086900000, 0x0000000086900000, 0x0000000086a00000|  0%| F|  |TAMS 0x0000000086900000, 0x0000000086900000| Untracked 
|  56|0x0000000086a00000, 0x0000000086a00000, 0x0000000086b00000|  0%| F|  |TAMS 0x0000000086a00000, 0x0000000086a00000| Untracked 
|  57|0x0000000086b00000, 0x0000000086b00000, 0x0000000086c00000|  0%| F|  |TAMS 0x0000000086b00000, 0x0000000086b00000| Untracked 
|  58|0x0000000086c00000, 0x0000000086c00000, 0x0000000086d00000|  0%| F|  |TAMS 0x0000000086c00000, 0x0000000086c00000| Untracked 
|  59|0x0000000086d00000, 0x0000000086d00000, 0x0000000086e00000|  0%| F|  |TAMS 0x0000000086d00000, 0x0000000086d00000| Untracked 
|  60|0x0000000086e00000, 0x0000000086e00000, 0x0000000086f00000|  0%| F|  |TAMS 0x0000000086e00000, 0x0000000086e00000| Untracked 
|  61|0x0000000086f00000, 0x0000000086f00000, 0x0000000087000000|  0%| F|  |TAMS 0x0000000086f00000, 0x0000000086f00000| Untracked 
|  62|0x0000000087000000, 0x0000000087000000, 0x0000000087100000|  0%| F|  |TAMS 0x0000000087000000, 0x0000000087000000| Untracked 
|  63|0x0000000087100000, 0x0000000087100000, 0x0000000087200000|  0%| F|  |TAMS 0x0000000087100000, 0x0000000087100000| Untracked 
|  64|0x0000000087200000, 0x0000000087200000, 0x0000000087300000|  0%| F|  |TAMS 0x0000000087200000, 0x0000000087200000| Untracked 
|  65|0x0000000087300000, 0x0000000087300000, 0x0000000087400000|  0%| F|  |TAMS 0x0000000087300000, 0x0000000087300000| Untracked 
|  66|0x0000000087400000, 0x0000000087400000, 0x0000000087500000|  0%| F|  |TAMS 0x0000000087400000, 0x0000000087400000| Untracked 
|  67|0x0000000087500000, 0x0000000087500000, 0x0000000087600000|  0%| F|  |TAMS 0x0000000087500000, 0x0000000087500000| Untracked 
|  68|0x0000000087600000, 0x0000000087600000, 0x0000000087700000|  0%| F|  |TAMS 0x0000000087600000, 0x0000000087600000| Untracked 
|  69|0x0000000087700000, 0x0000000087700000, 0x0000000087800000|  0%| F|  |TAMS 0x0000000087700000, 0x0000000087700000| Untracked 
|  70|0x0000000087800000, 0x0000000087800000, 0x0000000087900000|  0%| F|  |TAMS 0x0000000087800000, 0x0000000087800000| Untracked 
|  71|0x0000000087900000, 0x0000000087900000, 0x0000000087a00000|  0%| F|  |TAMS 0x0000000087900000, 0x0000000087900000| Untracked 
|  72|0x0000000087a00000, 0x0000000087a00000, 0x0000000087b00000|  0%| F|  |TAMS 0x0000000087a00000, 0x0000000087a00000| Untracked 
|  73|0x0000000087b00000, 0x0000000087b00000, 0x0000000087c00000|  0%| F|  |TAMS 0x0000000087b00000, 0x0000000087b00000| Untracked 
|  74|0x0000000087c00000, 0x0000000087c00000, 0x0000000087d00000|  0%| F|  |TAMS 0x0000000087c00000, 0x0000000087c00000| Untracked 
|  75|0x0000000087d00000, 0x0000000087d00000, 0x0000000087e00000|  0%| F|  |TAMS 0x0000000087d00000, 0x0000000087d00000| Untracked 
|  76|0x0000000087e00000, 0x0000000087e00000, 0x0000000087f00000|  0%| F|  |TAMS 0x0000000087e00000, 0x0000000087e00000| Untracked 
|  77|0x0000000087f00000, 0x0000000087f00000, 0x0000000088000000|  0%| F|  |TAMS 0x0000000087f00000, 0x0000000087f00000| Untracked 
|  78|0x0000000088000000, 0x0000000088000000, 0x0000000088100000|  0%| F|  |TAMS 0x0000000088000000, 0x0000000088000000| Untracked 
|  79|0x0000000088100000, 0x0000000088100000, 0x0000000088200000|  0%| F|  |TAMS 0x0000000088100000, 0x0000000088100000| Untracked 
|  80|0x0000000088200000, 0x0000000088200000, 0x0000000088300000|  0%| F|  |TAMS 0x0000000088200000, 0x0000000088200000| Untracked 
|  81|0x0000000088300000, 0x0000000088300000, 0x0000000088400000|  0%| F|  |TAMS 0x0000000088300000, 0x0000000088300000| Untracked 
|  82|0x0000000088400000, 0x0000000088400000, 0x0000000088500000|  0%| F|  |TAMS 0x0000000088400000, 0x0000000088400000| Untracked 
|  83|0x0000000088500000, 0x0000000088500000, 0x0000000088600000|  0%| F|  |TAMS 0x0000000088500000, 0x0000000088500000| Untracked 
|  84|0x0000000088600000, 0x0000000088600000, 0x0000000088700000|  0%| F|  |TAMS 0x0000000088600000, 0x0000000088600000| Untracked 
|  85|0x0000000088700000, 0x0000000088700000, 0x0000000088800000|  0%| F|  |TAMS 0x0000000088700000, 0x0000000088700000| Untracked 
|  86|0x0000000088800000, 0x0000000088800000, 0x0000000088900000|  0%| F|  |TAMS 0x0000000088800000, 0x0000000088800000| Untracked 
|  87|0x0000000088900000, 0x0000000088900000, 0x0000000088a00000|  0%| F|  |TAMS 0x0000000088900000, 0x0000000088900000| Untracked 
|  88|0x0000000088a00000, 0x0000000088a00000, 0x0000000088b00000|  0%| F|  |TAMS 0x0000000088a00000, 0x0000000088a00000| Untracked 
|  89|0x0000000088b00000, 0x0000000088b00000, 0x0000000088c00000|  0%| F|  |TAMS 0x0000000088b00000, 0x0000000088b00000| Untracked 
|  90|0x0000000088c00000, 0x0000000088c00000, 0x0000000088d00000|  0%| F|  |TAMS 0x0000000088c00000, 0x0000000088c00000| Untracked 
|  91|0x0000000088d00000, 0x0000000088d00000, 0x0000000088e00000|  0%| F|  |TAMS 0x0000000088d00000, 0x0000000088d00000| Untracked 
|  92|0x0000000088e00000, 0x0000000088e00000, 0x0000000088f00000|  0%| F|  |TAMS 0x0000000088e00000, 0x0000000088e00000| Untracked 
|  93|0x0000000088f00000, 0x0000000088f00000, 0x0000000089000000|  0%| F|  |TAMS 0x0000000088f00000, 0x0000000088f00000| Untracked 
|  94|0x0000000089000000, 0x0000000089000000, 0x0000000089100000|  0%| F|  |TAMS 0x0000000089000000, 0x0000000089000000| Untracked 
|  95|0x0000000089100000, 0x0000000089100000, 0x0000000089200000|  0%| F|  |TAMS 0x0000000089100000, 0x0000000089100000| Untracked 
|  96|0x0000000089200000, 0x0000000089200000, 0x0000000089300000|  0%| F|  |TAMS 0x0000000089200000, 0x0000000089200000| Untracked 
|  97|0x0000000089300000, 0x0000000089300000, 0x0000000089400000|  0%| F|  |TAMS 0x0000000089300000, 0x0000000089300000| Untracked 
|  98|0x0000000089400000, 0x0000000089400000, 0x0000000089500000|  0%| F|  |TAMS 0x0000000089400000, 0x0000000089400000| Untracked 
|  99|0x0000000089500000, 0x0000000089500000, 0x0000000089600000|  0%| F|  |TAMS 0x0000000089500000, 0x0000000089500000| Untracked 
| 100|0x0000000089600000, 0x0000000089651a50, 0x0000000089700000| 31%| S|CS|TAMS 0x0000000089600000, 0x0000000089600000| Complete 
| 101|0x0000000089700000, 0x0000000089800000, 0x0000000089800000|100%| S|CS|TAMS 0x0000000089700000, 0x0000000089700000| Complete 
| 102|0x0000000089800000, 0x0000000089900000, 0x0000000089900000|100%| S|CS|TAMS 0x0000000089800000, 0x0000000089800000| Complete 
| 103|0x0000000089900000, 0x0000000089a00000, 0x0000000089a00000|100%| S|CS|TAMS 0x0000000089900000, 0x0000000089900000| Complete 
| 104|0x0000000089a00000, 0x0000000089b00000, 0x0000000089b00000|100%| S|CS|TAMS 0x0000000089a00000, 0x0000000089a00000| Complete 
| 105|0x0000000089b00000, 0x0000000089c00000, 0x0000000089c00000|100%| S|CS|TAMS 0x0000000089b00000, 0x0000000089b00000| Complete 
| 106|0x0000000089c00000, 0x0000000089d00000, 0x0000000089d00000|100%| S|CS|TAMS 0x0000000089c00000, 0x0000000089c00000| Complete 
| 107|0x0000000089d00000, 0x0000000089d00000, 0x0000000089e00000|  0%| F|  |TAMS 0x0000000089d00000, 0x0000000089d00000| Untracked 
| 108|0x0000000089e00000, 0x0000000089e00000, 0x0000000089f00000|  0%| F|  |TAMS 0x0000000089e00000, 0x0000000089e00000| Untracked 
| 109|0x0000000089f00000, 0x0000000089f00000, 0x000000008a000000|  0%| F|  |TAMS 0x0000000089f00000, 0x0000000089f00000| Untracked 
| 110|0x000000008a000000, 0x000000008a000000, 0x000000008a100000|  0%| F|  |TAMS 0x000000008a000000, 0x000000008a000000| Untracked 
| 111|0x000000008a100000, 0x000000008a100000, 0x000000008a200000|  0%| F|  |TAMS 0x000000008a100000, 0x000000008a100000| Untracked 
| 112|0x000000008a200000, 0x000000008a200000, 0x000000008a300000|  0%| F|  |TAMS 0x000000008a200000, 0x000000008a200000| Untracked 
| 113|0x000000008a300000, 0x000000008a300000, 0x000000008a400000|  0%| F|  |TAMS 0x000000008a300000, 0x000000008a300000| Untracked 
| 114|0x000000008a400000, 0x000000008a400000, 0x000000008a500000|  0%| F|  |TAMS 0x000000008a400000, 0x000000008a400000| Untracked 
| 115|0x000000008a500000, 0x000000008a500000, 0x000000008a600000|  0%| F|  |TAMS 0x000000008a500000, 0x000000008a500000| Untracked 
| 116|0x000000008a600000, 0x000000008a600000, 0x000000008a700000|  0%| F|  |TAMS 0x000000008a600000, 0x000000008a600000| Untracked 
| 117|0x000000008a700000, 0x000000008a700000, 0x000000008a800000|  0%| F|  |TAMS 0x000000008a700000, 0x000000008a700000| Untracked 
| 118|0x000000008a800000, 0x000000008a800000, 0x000000008a900000|  0%| F|  |TAMS 0x000000008a800000, 0x000000008a800000| Untracked 
| 119|0x000000008a900000, 0x000000008a900000, 0x000000008aa00000|  0%| F|  |TAMS 0x000000008a900000, 0x000000008a900000| Untracked 
| 120|0x000000008aa00000, 0x000000008aa00000, 0x000000008ab00000|  0%| F|  |TAMS 0x000000008aa00000, 0x000000008aa00000| Untracked 
| 121|0x000000008ab00000, 0x000000008ab00000, 0x000000008ac00000|  0%| F|  |TAMS 0x000000008ab00000, 0x000000008ab00000| Untracked 
| 122|0x000000008ac00000, 0x000000008ac00000, 0x000000008ad00000|  0%| F|  |TAMS 0x000000008ac00000, 0x000000008ac00000| Untracked 
| 123|0x000000008ad00000, 0x000000008ad00000, 0x000000008ae00000|  0%| F|  |TAMS 0x000000008ad00000, 0x000000008ad00000| Untracked 
| 124|0x000000008ae00000, 0x000000008ae00000, 0x000000008af00000|  0%| F|  |TAMS 0x000000008ae00000, 0x000000008ae00000| Untracked 
| 125|0x000000008af00000, 0x000000008af00000, 0x000000008b000000|  0%| F|  |TAMS 0x000000008af00000, 0x000000008af00000| Untracked 
| 126|0x000000008b000000, 0x000000008b000000, 0x000000008b100000|  0%| F|  |TAMS 0x000000008b000000, 0x000000008b000000| Untracked 
| 127|0x000000008b100000, 0x000000008b100000, 0x000000008b200000|  0%| F|  |TAMS 0x000000008b100000, 0x000000008b100000| Untracked 
| 128|0x000000008b200000, 0x000000008b200000, 0x000000008b300000|  0%| F|  |TAMS 0x000000008b200000, 0x000000008b200000| Untracked 
| 129|0x000000008b300000, 0x000000008b300000, 0x000000008b400000|  0%| F|  |TAMS 0x000000008b300000, 0x000000008b300000| Untracked 
| 130|0x000000008b400000, 0x000000008b400000, 0x000000008b500000|  0%| F|  |TAMS 0x000000008b400000, 0x000000008b400000| Untracked 
| 131|0x000000008b500000, 0x000000008b500000, 0x000000008b600000|  0%| F|  |TAMS 0x000000008b500000, 0x000000008b500000| Untracked 
| 132|0x000000008b600000, 0x000000008b600000, 0x000000008b700000|  0%| F|  |TAMS 0x000000008b600000, 0x000000008b600000| Untracked 
| 133|0x000000008b700000, 0x000000008b700000, 0x000000008b800000|  0%| F|  |TAMS 0x000000008b700000, 0x000000008b700000| Untracked 
| 134|0x000000008b800000, 0x000000008b800000, 0x000000008b900000|  0%| F|  |TAMS 0x000000008b800000, 0x000000008b800000| Untracked 
| 135|0x000000008b900000, 0x000000008b900000, 0x000000008ba00000|  0%| F|  |TAMS 0x000000008b900000, 0x000000008b900000| Untracked 
| 136|0x000000008ba00000, 0x000000008ba00000, 0x000000008bb00000|  0%| F|  |TAMS 0x000000008ba00000, 0x000000008ba00000| Untracked 
| 137|0x000000008bb00000, 0x000000008bb00000, 0x000000008bc00000|  0%| F|  |TAMS 0x000000008bb00000, 0x000000008bb00000| Untracked 
| 138|0x000000008bc00000, 0x000000008bc00000, 0x000000008bd00000|  0%| F|  |TAMS 0x000000008bc00000, 0x000000008bc00000| Untracked 
| 139|0x000000008bd00000, 0x000000008bd00000, 0x000000008be00000|  0%| F|  |TAMS 0x000000008bd00000, 0x000000008bd00000| Untracked 
| 140|0x000000008be00000, 0x000000008be00000, 0x000000008bf00000|  0%| F|  |TAMS 0x000000008be00000, 0x000000008be00000| Untracked 
| 141|0x000000008bf00000, 0x000000008bf00000, 0x000000008c000000|  0%| F|  |TAMS 0x000000008bf00000, 0x000000008bf00000| Untracked 
| 142|0x000000008c000000, 0x000000008c000000, 0x000000008c100000|  0%| F|  |TAMS 0x000000008c000000, 0x000000008c000000| Untracked 
| 143|0x000000008c100000, 0x000000008c100000, 0x000000008c200000|  0%| F|  |TAMS 0x000000008c100000, 0x000000008c100000| Untracked 
| 144|0x000000008c200000, 0x000000008c200000, 0x000000008c300000|  0%| F|  |TAMS 0x000000008c200000, 0x000000008c200000| Untracked 
| 145|0x000000008c300000, 0x000000008c300000, 0x000000008c400000|  0%| F|  |TAMS 0x000000008c300000, 0x000000008c300000| Untracked 
| 146|0x000000008c400000, 0x000000008c400000, 0x000000008c500000|  0%| F|  |TAMS 0x000000008c400000, 0x000000008c400000| Untracked 
| 147|0x000000008c500000, 0x000000008c500000, 0x000000008c600000|  0%| F|  |TAMS 0x000000008c500000, 0x000000008c500000| Untracked 
| 148|0x000000008c600000, 0x000000008c600000, 0x000000008c700000|  0%| F|  |TAMS 0x000000008c600000, 0x000000008c600000| Untracked 
| 149|0x000000008c700000, 0x000000008c700000, 0x000000008c800000|  0%| F|  |TAMS 0x000000008c700000, 0x000000008c700000| Untracked 
| 150|0x000000008c800000, 0x000000008c800000, 0x000000008c900000|  0%| F|  |TAMS 0x000000008c800000, 0x000000008c800000| Untracked 
| 151|0x000000008c900000, 0x000000008c900000, 0x000000008ca00000|  0%| F|  |TAMS 0x000000008c900000, 0x000000008c900000| Untracked 
| 152|0x000000008ca00000, 0x000000008ca00000, 0x000000008cb00000|  0%| F|  |TAMS 0x000000008ca00000, 0x000000008ca00000| Untracked 
| 153|0x000000008cb00000, 0x000000008cb00000, 0x000000008cc00000|  0%| F|  |TAMS 0x000000008cb00000, 0x000000008cb00000| Untracked 
| 154|0x000000008cc00000, 0x000000008cc00000, 0x000000008cd00000|  0%| F|  |TAMS 0x000000008cc00000, 0x000000008cc00000| Untracked 
| 155|0x000000008cd00000, 0x000000008cd00000, 0x000000008ce00000|  0%| F|  |TAMS 0x000000008cd00000, 0x000000008cd00000| Untracked 
| 156|0x000000008ce00000, 0x000000008ce00000, 0x000000008cf00000|  0%| F|  |TAMS 0x000000008ce00000, 0x000000008ce00000| Untracked 
| 157|0x000000008cf00000, 0x000000008cf00000, 0x000000008d000000|  0%| F|  |TAMS 0x000000008cf00000, 0x000000008cf00000| Untracked 
| 158|0x000000008d000000, 0x000000008d000000, 0x000000008d100000|  0%| F|  |TAMS 0x000000008d000000, 0x000000008d000000| Untracked 
| 159|0x000000008d100000, 0x000000008d100000, 0x000000008d200000|  0%| F|  |TAMS 0x000000008d100000, 0x000000008d100000| Untracked 
| 160|0x000000008d200000, 0x000000008d200000, 0x000000008d300000|  0%| F|  |TAMS 0x000000008d200000, 0x000000008d200000| Untracked 
| 161|0x000000008d300000, 0x000000008d300000, 0x000000008d400000|  0%| F|  |TAMS 0x000000008d300000, 0x000000008d300000| Untracked 
| 162|0x000000008d400000, 0x000000008d400000, 0x000000008d500000|  0%| F|  |TAMS 0x000000008d400000, 0x000000008d400000| Untracked 
| 163|0x000000008d500000, 0x000000008d500000, 0x000000008d600000|  0%| F|  |TAMS 0x000000008d500000, 0x000000008d500000| Untracked 
| 164|0x000000008d600000, 0x000000008d600000, 0x000000008d700000|  0%| F|  |TAMS 0x000000008d600000, 0x000000008d600000| Untracked 
| 165|0x000000008d700000, 0x000000008d700000, 0x000000008d800000|  0%| F|  |TAMS 0x000000008d700000, 0x000000008d700000| Untracked 
| 166|0x000000008d800000, 0x000000008d800000, 0x000000008d900000|  0%| F|  |TAMS 0x000000008d800000, 0x000000008d800000| Untracked 
| 167|0x000000008d900000, 0x000000008d900000, 0x000000008da00000|  0%| F|  |TAMS 0x000000008d900000, 0x000000008d900000| Untracked 
| 168|0x000000008da00000, 0x000000008da00000, 0x000000008db00000|  0%| F|  |TAMS 0x000000008da00000, 0x000000008da00000| Untracked 
| 169|0x000000008db00000, 0x000000008db00000, 0x000000008dc00000|  0%| F|  |TAMS 0x000000008db00000, 0x000000008db00000| Untracked 
| 170|0x000000008dc00000, 0x000000008dc00000, 0x000000008dd00000|  0%| F|  |TAMS 0x000000008dc00000, 0x000000008dc00000| Untracked 

Card table byte_map: [0x00000199f6130000,0x00000199f6520000] _byte_map_base: 0x00000199f5d17000

Marking Bits (Prev, Next): (CMBitMap*) 0x00000199df3aa2d8, (CMBitMap*) 0x00000199df3aa310
 Prev Bits: [0x00000199f6910000, 0x00000199f8848000)
 Next Bits: [0x00000199f8850000, 0x00000199fa788000)

Polling page: 0x00000199dd310000

Metaspace:

Usage:
  Non-class:     33.41 MB capacity,    32.98 MB ( 99%) used,   346.95 KB (  1%) free+waste,    90.69 KB ( <1%) overhead. 
      Class:      4.38 MB capacity,     4.07 MB ( 93%) used,   271.81 KB (  6%) free+waste,    44.50 KB ( <1%) overhead. 
       Both:     37.79 MB capacity,    37.05 MB ( 98%) used,   618.76 KB (  2%) free+waste,   135.19 KB ( <1%) overhead. 

Virtual space:
  Non-class space:       34.00 MB reserved,      33.58 MB ( 99%) committed 
      Class space:        1.00 GB reserved,       4.50 MB ( <1%) committed 
             Both:        1.03 GB reserved,      38.08 MB (  4%) committed 

Chunk freelists:
   Non-Class:  6.00 KB
       Class:  3.25 KB
        Both:  9.25 KB

CodeHeap 'non-profiled nmethods': size=120000Kb used=1892Kb max_used=1892Kb free=118107Kb
 bounds [0x00000199ee4e0000, 0x00000199ee750000, 0x00000199f5a10000]
CodeHeap 'profiled nmethods': size=120000Kb used=7441Kb max_used=7441Kb free=112558Kb
 bounds [0x00000199e6fb0000, 0x00000199e7700000, 0x00000199ee4e0000]
CodeHeap 'non-nmethods': size=5760Kb used=1202Kb max_used=1256Kb free=4557Kb
 bounds [0x00000199e6a10000, 0x00000199e6c80000, 0x00000199e6fb0000]
 total_blobs=3891 nmethods=3350 adapters=452
 compilation: enabled
              stopped_count=0, restarted_count=0
 full_count=0

Compilation events (10 events):
Event: 14.118 Thread 0x00000199fdb56000 3544       3       org.aspectj.apache.bcel.classfile.ClassParser::readFields (65 bytes)
Event: 14.119 Thread 0x00000199fdb56000 nmethod 3544 0x00000199e76f2490 code [0x00000199e76f26c0, 0x00000199e76f2f98]
Event: 14.153 Thread 0x00000199fdb56000 3547       3       org.aspectj.weaver.TypeFactory::locateMatchingEndAngleBracket (73 bytes)
Event: 14.154 Thread 0x00000199fdb56000 nmethod 3547 0x00000199e76f3290 code [0x00000199e76f3460, 0x00000199e76f38d8]
Event: 14.154 Thread 0x00000199fdb56000 3550       2       org.aspectj.apache.bcel.classfile.LocalVariableTable::getLocalVariableTable (9 bytes)
Event: 14.154 Thread 0x00000199fdb56000 nmethod 3550 0x00000199e76f3a10 code [0x00000199e76f3ba0, 0x00000199e76f3cc8]
Event: 14.157 Thread 0x00000199fdb56000 3551       2       java.lang.invoke.SimpleMethodHandle::make (10 bytes)
Event: 14.157 Thread 0x00000199fdb56000 nmethod 3551 0x00000199e76f3d90 code [0x00000199e76f3f20, 0x00000199e76f4088]
Event: 14.157 Thread 0x00000199fdb56000 3552       2       java.lang.invoke.SimpleMethodHandle::<init> (7 bytes)
Event: 14.158 Thread 0x00000199fdb56000 nmethod 3552 0x00000199e76f4190 code [0x00000199e76f4320, 0x00000199e76f4448]

GC Heap History (10 events):
Event: 5.675 GC heap after
{Heap after GC invocations=5 (full 0):
 garbage-first heap   total 175104K, used 26676K [0x0000000083200000, 0x0000000100000000)
  region size 1024K, 2 young (2048K), 2 survivors (2048K)
 Metaspace       used 20861K, capacity 21077K, committed 21296K, reserved 1069056K
  class space    used 1962K, capacity 2065K, committed 2176K, reserved 1048576K
}
Event: 6.911 GC heap before
{Heap before GC invocations=6 (full 0):
 garbage-first heap   total 175104K, used 102452K [0x0000000083200000, 0x0000000100000000)
  region size 1024K, 76 young (77824K), 2 survivors (2048K)
 Metaspace       used 26633K, capacity 27096K, committed 27440K, reserved 1073152K
  class space    used 2663K, capacity 2830K, committed 2944K, reserved 1048576K
}
Event: 6.922 GC heap after
{Heap after GC invocations=7 (full 0):
 garbage-first heap   total 175104K, used 33111K [0x0000000083200000, 0x0000000100000000)
  region size 1024K, 9 young (9216K), 9 survivors (9216K)
 Metaspace       used 26633K, capacity 27096K, committed 27440K, reserved 1073152K
  class space    used 2663K, capacity 2830K, committed 2944K, reserved 1048576K
}
Event: 7.826 GC heap before
{Heap before GC invocations=7 (full 0):
 garbage-first heap   total 175104K, used 108887K [0x0000000083200000, 0x0000000100000000)
  region size 1024K, 83 young (84992K), 9 survivors (9216K)
 Metaspace       used 29219K, capacity 29720K, committed 30000K, reserved 1077248K
  class space    used 2963K, capacity 3155K, committed 3200K, reserved 1048576K
}
Event: 7.845 GC heap after
{Heap after GC invocations=8 (full 0):
 garbage-first heap   total 175104K, used 40362K [0x0000000083200000, 0x0000000100000000)
  region size 1024K, 8 young (8192K), 8 survivors (8192K)
 Metaspace       used 29219K, capacity 29720K, committed 30000K, reserved 1077248K
  class space    used 2963K, capacity 3155K, committed 3200K, reserved 1048576K
}
Event: 8.905 GC heap before
{Heap before GC invocations=8 (full 0):
 garbage-first heap   total 175104K, used 116138K [0x0000000083200000, 0x0000000100000000)
  region size 1024K, 82 young (83968K), 8 survivors (8192K)
 Metaspace       used 33431K, capacity 33947K, committed 34224K, reserved 1079296K
  class space    used 3505K, capacity 3714K, committed 3840K, reserved 1048576K
}
Event: 8.919 GC heap after
{Heap after GC invocations=9 (full 0):
 garbage-first heap   total 175104K, used 47404K [0x0000000083200000, 0x0000000100000000)
  region size 1024K, 7 young (7168K), 7 survivors (7168K)
 Metaspace       used 33431K, capacity 33947K, committed 34224K, reserved 1079296K
  class space    used 3505K, capacity 3714K, committed 3840K, reserved 1048576K
}
Event: 9.536 GC heap before
{Heap before GC invocations=9 (full 0):
 garbage-first heap   total 175104K, used 71980K [0x0000000083200000, 0x0000000100000000)
  region size 1024K, 32 young (32768K), 7 survivors (7168K)
 Metaspace       used 35154K, capacity 35772K, committed 35920K, reserved 1081344K
  class space    used 3745K, capacity 4037K, committed 4096K, reserved 1048576K
}
Event: 9.558 GC heap after
{Heap after GC invocations=10 (full 0):
 garbage-first heap   total 175104K, used 50493K [0x0000000083200000, 0x0000000100000000)
  region size 1024K, 3 young (3072K), 3 survivors (3072K)
 Metaspace       used 35154K, capacity 35772K, committed 35920K, reserved 1081344K
  class space    used 3745K, capacity 4037K, committed 4096K, reserved 1048576K
}
Event: 14.169 GC heap before
{Heap before GC invocations=11 (full 0):
 garbage-first heap   total 175104K, used 118077K [0x0000000083200000, 0x0000000100000000)
  region size 1024K, 64 young (65536K), 3 survivors (3072K)
 Metaspace       used 37940K, capacity 38694K, committed 38992K, reserved 1083392K
  class space    used 4169K, capacity 4486K, committed 4608K, reserved 1048576K
}

Deoptimization events (10 events):
Event: 7.739 Thread 0x00000199df370800 Uncommon trap: reason=class_check action=maybe_recompile pc=0x00000199ee61e70c method=org.aspectj.weaver.bcel.BcelObjectType.getSuperclass()Lorg/aspectj/weaver/ResolvedType; @ 16 c2
Event: 7.796 Thread 0x00000199df370800 Uncommon trap: reason=null_check action=make_not_entrant pc=0x00000199ee6318b8 method=org.aspectj.weaver.bcel.BcelObjectType.getDeclaredInterfaces()[Lorg/aspectj/weaver/ResolvedType; @ 7 c2
Event: 8.364 Thread 0x00000199df370800 Uncommon trap: reason=unloaded action=reinterpret pc=0x00000199ee627cb4 method=org.aspectj.apache.bcel.classfile.Attribute.readAttribute(Ljava/io/DataInputStream;Lorg/aspectj/apache/bcel/classfile/ConstantPool;)Lorg/aspectj/apache/bcel/classfile/Attribute
Event: 8.675 Thread 0x00000199df370800 Uncommon trap: reason=unstable_if action=reinterpret pc=0x00000199ee64ac98 method=org.aspectj.apache.bcel.generic.Instruction.readInstruction(Lorg/aspectj/apache/bcel/util/ByteSequence;)Lorg/aspectj/apache/bcel/generic/Instruction; @ 39 c2
Event: 8.962 Thread 0x00000199df370800 Uncommon trap: reason=unstable_if action=reinterpret pc=0x00000199ee58c588 method=java.lang.String.replace(CC)Ljava/lang/String; @ 2 c2
Event: 9.216 Thread 0x00000199df370800 Uncommon trap: reason=intrinsic_or_type_checked_inlining action=make_not_entrant pc=0x00000199ee6640a0 method=java.util.ArrayList.toArray([Ljava/lang/Object;)[Ljava/lang/Object; @ 36 c2
Event: 10.769 Thread 0x00000199fec6e000 Uncommon trap: reason=unstable_if action=reinterpret pc=0x00000199ee57d51c method=java.io.BufferedInputStream.read()I @ 23 c2
Event: 10.770 Thread 0x00000199fec6e000 Uncommon trap: reason=class_check action=maybe_recompile pc=0x00000199ee591de4 method=java.nio.DirectByteBuffer.<init>(Lsun/nio/ch/DirectBuffer;IIIII)V @ 12 c2
Event: 10.770 Thread 0x00000199fec6e000 Uncommon trap: reason=class_check action=maybe_recompile pc=0x00000199ee591de4 method=java.nio.DirectByteBuffer.<init>(Lsun/nio/ch/DirectBuffer;IIIII)V @ 12 c2
Event: 13.887 Thread 0x00000199fec6e000 Uncommon trap: reason=class_check action=maybe_recompile pc=0x00000199ee591de4 method=java.nio.DirectByteBuffer.<init>(Lsun/nio/ch/DirectBuffer;IIIII)V @ 12 c2

Classes redefined (0 events):
No events

Internal exceptions (10 events):
Event: 9.031 Thread 0x0000019980fc4800 Exception <a 'java/net/ConnectException'{0x000000008d8a7ec8}: Connection refused: connect> (0x000000008d8a7ec8) thrown at [./open/src/hotspot/share/prims/jni.cpp, line 632]
Event: 9.062 Thread 0x0000019980fc4800 Exception <a 'java/net/ConnectException'{0x000000008d8a8e48}: Connection refused: connect> (0x000000008d8a8e48) thrown at [./open/src/hotspot/share/prims/jni.cpp, line 632]
Event: 9.108 Thread 0x0000019980fc4800 Exception <a 'java/net/ConnectException'{0x000000008d8a9dc8}: Connection refused: connect> (0x000000008d8a9dc8) thrown at [./open/src/hotspot/share/prims/jni.cpp, line 632]
Event: 9.260 Thread 0x00000199df370800 Exception <a 'java/lang/NoSuchMethodError'{0x000000008d45b468}: java.lang.invoke.DirectMethodHandle$Holder.invokeVirtual(Ljava/lang/Object;Ljava/lang/Object;)D> (0x000000008d45b468) thrown at [./open/src/hotspot/share/interpreter/linkResolver.cpp, line 77
Event: 9.261 Thread 0x00000199df370800 Exception <a 'java/lang/NoSuchMethodError'{0x000000008d461220}: java.lang.invoke.DirectMethodHandle$Holder.invokeVirtual(Ljava/lang/Object;Ljava/lang/Object;)F> (0x000000008d461220) thrown at [./open/src/hotspot/share/interpreter/linkResolver.cpp, line 77
Event: 9.262 Thread 0x00000199df370800 Exception <a 'java/lang/NoSuchMethodError'{0x000000008d4696e8}: java.lang.invoke.DirectMethodHandle$Holder.invokeVirtual(Ljava/lang/Object;Ljava/lang/Object;)J> (0x000000008d4696e8) thrown at [./open/src/hotspot/share/interpreter/linkResolver.cpp, line 77
Event: 9.348 Thread 0x00000199df370800 Exception <a 'java/lang/NoSuchMethodError'{0x000000008cfc0838}: java.lang.invoke.DirectMethodHandle$Holder.invokeSpecial(Ljava/lang/Object;Ljava/lang/Object;Ljava/lang/Object;Ljava/lang/Object;Ljava/lang/Object;)V> (0x000000008cfc0838) thrown at [./open/s
Event: 9.352 Thread 0x00000199df370800 Exception <a 'java/lang/NoSuchMethodError'{0x000000008cfcfa80}: java.lang.invoke.DirectMethodHandle$Holder.invokeStatic(Ljava/lang/Object;Ljava/lang/Object;I)V> (0x000000008cfcfa80) thrown at [./open/src/hotspot/share/interpreter/linkResolver.cpp, line 77
Event: 9.532 Thread 0x00000199df370800 Exception <a 'java/lang/NoSuchMethodError'{0x000000008c48a6f0}: java.lang.invoke.DirectMethodHandle$Holder.invokeSpecialIFC(Ljava/lang/Object;Ljava/lang/Object;Ljava/lang/Object;)I> (0x000000008c48a6f0) thrown at [./open/src/hotspot/share/interpreter/link
Event: 9.816 Thread 0x00000199df370800 Exception <a 'java/lang/NoSuchMethodError'{0x000000008c9aed38}: java.lang.invoke.DirectMethodHandle$Holder.invokeSpecial(Ljava/lang/Object;Ljava/lang/Object;Ljava/lang/Object;Ljava/lang/Object;Ljava/lang/Object;Ljava/lang/Object;)V> (0x000000008c9aed38) t

Events (10 events):
Event: 14.157 loading class com/google/common/collect/Maps$9 done
Event: 14.161 loading class com/google/common/collect/Maps$TransformedEntriesMap
Event: 14.161 loading class com/google/common/collect/Maps$TransformedEntriesMap done
Event: 14.165 loading class com/google/common/collect/Maps$IteratorBasedAbstractMap
Event: 14.165 loading class com/google/common/collect/Maps$IteratorBasedAbstractMap done
Event: 14.167 loading class com/google/common/base/Objects
Event: 14.167 loading class com/google/common/base/Objects done
Event: 14.169 loading class com/google/common/base/ExtraObjectsMethodsForWeb
Event: 14.169 loading class com/google/common/base/ExtraObjectsMethodsForWeb done
Event: 14.169 Executing VM operation: G1CollectForAllocation


Dynamic libraries:
0x00007ff7ad500000 - 0x00007ff7ad50f000 	C:\Program Files\Java\jdk-11.0.16.1\bin\javaw.exe
0x00007ff8f4b80000 - 0x00007ff8f4d89000 	C:\WINDOWS\SYSTEM32\ntdll.dll
0x00007ff8f4540000 - 0x00007ff8f45fe000 	C:\WINDOWS\System32\KERNEL32.DLL
0x00007ff8f25e0000 - 0x00007ff8f295b000 	C:\WINDOWS\System32\KERNELBASE.dll
0x00007ff8f21c0000 - 0x00007ff8f22d1000 	C:\WINDOWS\System32\ucrtbase.dll
0x00007ff8e1c70000 - 0x00007ff8e1c85000 	C:\Program Files\Java\jdk-11.0.16.1\bin\VCRUNTIME140.dll
0x00007ff8d3f50000 - 0x00007ff8d3f68000 	C:\Program Files\Java\jdk-11.0.16.1\bin\jli.dll
0x00007ff8f3ca0000 - 0x00007ff8f3d4e000 	C:\WINDOWS\System32\ADVAPI32.dll
0x00007ff8f4600000 - 0x00007ff8f46a3000 	C:\WINDOWS\System32\msvcrt.dll
0x00007ff8f3b70000 - 0x00007ff8f3c0e000 	C:\WINDOWS\System32\sechost.dll
0x00007ff8f4780000 - 0x00007ff8f48a0000 	C:\WINDOWS\System32\RPCRT4.dll
0x00007ff8f4990000 - 0x00007ff8f4b3d000 	C:\WINDOWS\System32\USER32.dll
0x00007ff8d9b30000 - 0x00007ff8d9dd5000 	C:\WINDOWS\WinSxS\amd64_microsoft.windows.common-controls_6595b64144ccf1df_6.0.22000.120_none_9d947278b86cc467\COMCTL32.dll
0x00007ff8f2050000 - 0x00007ff8f2076000 	C:\WINDOWS\System32\win32u.dll
0x00007ff8f3380000 - 0x00007ff8f33a9000 	C:\WINDOWS\System32\GDI32.dll
0x00007ff8f22e0000 - 0x00007ff8f23f8000 	C:\WINDOWS\System32\gdi32full.dll
0x00007ff8f2960000 - 0x00007ff8f29fd000 	C:\WINDOWS\System32\msvcp_win.dll
0x00007ff8ea420000 - 0x00007ff8ea42a000 	C:\WINDOWS\SYSTEM32\VERSION.dll
0x00007ff8f4500000 - 0x00007ff8f4532000 	C:\WINDOWS\System32\IMM32.DLL
0x00007ff8cee60000 - 0x00007ff8ceefb000 	C:\Program Files\Java\jdk-11.0.16.1\bin\msvcp140.dll
0x00007ff89e6c0000 - 0x00007ff89f1d8000 	C:\Program Files\Java\jdk-11.0.16.1\bin\server\jvm.dll
0x00007ff8f46b0000 - 0x00007ff8f46b8000 	C:\WINDOWS\System32\PSAPI.DLL
0x00007ff8eb970000 - 0x00007ff8eb9a3000 	C:\WINDOWS\SYSTEM32\WINMM.dll
0x00007ff8ca300000 - 0x00007ff8ca309000 	C:\WINDOWS\SYSTEM32\WSOCK32.dll
0x00007ff8f2cb0000 - 0x00007ff8f2d1f000 	C:\WINDOWS\System32\WS2_32.dll
0x00007ff8f1090000 - 0x00007ff8f10a8000 	C:\WINDOWS\SYSTEM32\kernel.appcore.dll
0x00007ff8ee2e0000 - 0x00007ff8ee2f0000 	C:\Program Files\Java\jdk-11.0.16.1\bin\verify.dll
0x00007ff8efad0000 - 0x00007ff8efcf1000 	C:\WINDOWS\SYSTEM32\DBGHELP.DLL
0x00007ff8de0d0000 - 0x00007ff8de101000 	C:\WINDOWS\SYSTEM32\dbgcore.DLL
0x00007ff8f2080000 - 0x00007ff8f20ff000 	C:\WINDOWS\System32\bcryptPrimitives.dll
0x00007ff8d42c0000 - 0x00007ff8d42e8000 	C:\Program Files\Java\jdk-11.0.16.1\bin\java.dll
0x00007ff8ed700000 - 0x00007ff8ed70a000 	C:\Program Files\Java\jdk-11.0.16.1\bin\jimage.dll
0x00007ff8db910000 - 0x00007ff8db91e000 	C:\Program Files\Java\jdk-11.0.16.1\bin\instrument.dll
0x00007ff8df740000 - 0x00007ff8df756000 	C:\Program Files\Java\jdk-11.0.16.1\bin\zip.dll
0x00007ff8f33b0000 - 0x00007ff8f3b67000 	C:\WINDOWS\System32\SHELL32.dll
0x00007ff8f0100000 - 0x00007ff8f0965000 	C:\WINDOWS\SYSTEM32\windows.storage.dll
0x00007ff8f2d80000 - 0x00007ff8f30f8000 	C:\WINDOWS\System32\combase.dll
0x00007ff8eff90000 - 0x00007ff8f00f6000 	C:\WINDOWS\SYSTEM32\wintypes.dll
0x00007ff8f4300000 - 0x00007ff8f43ea000 	C:\WINDOWS\System32\SHCORE.dll
0x00007ff8f2d20000 - 0x00007ff8f2d7d000 	C:\WINDOWS\System32\shlwapi.dll
0x00007ff8f1f80000 - 0x00007ff8f1fa1000 	C:\WINDOWS\SYSTEM32\profapi.dll
0x00007ff8db6f0000 - 0x00007ff8db709000 	C:\Program Files\Java\jdk-11.0.16.1\bin\net.dll
0x00007ff8eadc0000 - 0x00007ff8eaed4000 	C:\WINDOWS\SYSTEM32\WINHTTP.dll
0x00007ff8f1540000 - 0x00007ff8f15a7000 	C:\WINDOWS\system32\mswsock.dll
0x00007ff8db660000 - 0x00007ff8db672000 	C:\Program Files\Java\jdk-11.0.16.1\bin\nio.dll
0x00007ff8f0bf0000 - 0x00007ff8f0cd8000 	C:\WINDOWS\SYSTEM32\DNSAPI.dll
0x00007ff8f0bc0000 - 0x00007ff8f0bed000 	C:\WINDOWS\SYSTEM32\IPHLPAPI.DLL
0x00007ff8f3e70000 - 0x00007ff8f3e79000 	C:\WINDOWS\System32\NSI.dll
0x00007ff8e14e0000 - 0x00007ff8e14ea000 	C:\Windows\System32\rasadhlp.dll
0x00007ff8e8030000 - 0x00007ff8e80b1000 	C:\WINDOWS\System32\fwpuclnt.dll
0x00007ff8f17b0000 - 0x00007ff8f17c8000 	C:\WINDOWS\SYSTEM32\CRYPTSP.dll
0x00007ff8f0ff0000 - 0x00007ff8f1025000 	C:\WINDOWS\system32\rsaenh.dll
0x00007ff8f1660000 - 0x00007ff8f1689000 	C:\WINDOWS\SYSTEM32\USERENV.dll
0x00007ff8f1940000 - 0x00007ff8f1967000 	C:\WINDOWS\SYSTEM32\bcrypt.dll
0x00007ff8f17d0000 - 0x00007ff8f17dc000 	C:\WINDOWS\SYSTEM32\CRYPTBASE.dll
0x00007ff8ea2a0000 - 0x00007ff8ea2b9000 	C:\WINDOWS\SYSTEM32\dhcpcsvc6.DLL
0x00007ff8eb1f0000 - 0x00007ff8eb20e000 	C:\WINDOWS\SYSTEM32\dhcpcsvc.DLL
0x00007ff8ec0b0000 - 0x00007ff8ec0bd000 	C:\Program Files\Java\jdk-11.0.16.1\bin\sunmscapi.dll
0x00007ff8f2400000 - 0x00007ff8f2562000 	C:\WINDOWS\System32\CRYPT32.dll
0x00007ff8f1910000 - 0x00007ff8f1938000 	C:\WINDOWS\SYSTEM32\ncrypt.dll
0x00007ff8f18d0000 - 0x00007ff8f1907000 	C:\WINDOWS\SYSTEM32\NTASN1.dll
0x00007ff8d3ef0000 - 0x00007ff8d3f15000 	C:\Program Files\Java\jdk-11.0.16.1\bin\sunec.dll
0x00007ff8ea2d0000 - 0x00007ff8ea2d9000 	C:\Program Files\Java\jdk-11.0.16.1\bin\management.dll
0x00007ff8e1c60000 - 0x00007ff8e1c6b000 	C:\Program Files\Java\jdk-11.0.16.1\bin\management_ext.dll
0x00007ff8c48b0000 - 0x00007ff8c48c7000 	C:\WINDOWS\system32\napinsp.dll
0x00007ff875ed0000 - 0x00007ff875eeb000 	C:\WINDOWS\system32\pnrpnsp.dll
0x00007ff874800000 - 0x00007ff874812000 	C:\WINDOWS\System32\winrnr.dll
0x00007ff8e95f0000 - 0x00007ff8e9605000 	C:\WINDOWS\system32\wshbth.dll
0x00007ff8af4a0000 - 0x00007ff8af4bf000 	C:\WINDOWS\system32\nlansp_c.dll

dbghelp: loaded successfully - version: 4.0.5 - missing functions: none
symbol engine: initialized successfully - sym options: 0x614 - pdb path: .;C:\Program Files\Java\jdk-11.0.16.1\bin;C:\WINDOWS\SYSTEM32;C:\WINDOWS\WinSxS\amd64_microsoft.windows.common-controls_6595b64144ccf1df_6.0.22000.120_none_9d947278b86cc467;C:\Program Files\Java\jdk-11.0.16.1\bin\server

VM Arguments:
jvm_args: -ea -javaagent:C:\Users\Shelly\.m2\repository/org/aspectj/aspectjweaver/1.8.10/aspectjweaver-1.8.10.jar -Dfile.encoding=UTF-8 
java_command: org.testng.remote.RemoteTestNG -serport 54041 -protocol json -d C:\Users\Shelly\git\SeleniumJavaFramework\test-output C:\Users\Shelly\AppData\Local\Temp\testng-eclipse-197322411\testng-customsuite.xml
java_class_path (initial): C:\Users\Shelly\eclipse\jee-2022-06\eclipse\configuration\org.eclipse.osgi\890\0\.cp\lib\testng-remote.jar;C:\Users\Shelly\git\SeleniumJavaFramework\target\test-classes;C:\Users\Shelly\git\SeleniumJavaFramework\target\classes;C:\Users\Shelly\.p2\pool\plugins\org.testng_7.4.0.r202105021533.jar;C:\Users\Shelly\.p2\pool\plugins\com.beust.jcommander_1.78.0.jar;C:\Users\Shelly\.p2\pool\plugins\org.apache-extras.beanshell.bsh_2.0.0.b6.jar;C:\Users\Shelly\.p2\pool\plugins\org.yaml.snakeyaml_1.27.0.v20201111-1638.jar;C:\Users\Shelly\.p2\pool\plugins\org.webjars.jquery_3.5.1.jar;C:\Users\Shelly\.m2\repository\org\seleniumhq\selenium\selenium-java\4.4.0\selenium-java-4.4.0.jar;C:\Users\Shelly\.m2\repository\org\seleniumhq\selenium\selenium-api\4.4.0\selenium-api-4.4.0.jar;C:\Users\Shelly\.m2\repository\org\seleniumhq\selenium\selenium-chrome-driver\4.4.0\selenium-chrome-driver-4.4.0.jar;C:\Users\Shelly\.m2\repository\com\google\auto\service\auto-service-annotations\1.0.1\auto-service-annotations-1.0.1.jar;C:\Users\Shelly\.m2\repository\com\google\auto\service\auto-service\1.0.1\auto-service-1.0.1.jar;C:\Users\Shelly\.m2\repository\com\google\auto\auto-common\1.2\auto-common-1.2.jar;C:\Users\Shelly\.m2\repository\com\google\guava\guava\31.1-jre\guava-31.1-jre.jar;C:\Users\Shelly\.m2\repository\com\google\guava\failureaccess\1.0.1\failureaccess-1.0.1.jar;C:\Users\Shelly\.m2\repository\com\google\guava\listenablefuture\9999.0-empty-to-avoid-conflict-with-guava\listenablefuture-9999.0-empty-to-avoid-conflict-with-guava.jar;C:\Users\Shelly\.m2\repository\org\checkerframework\checker-qual\3.12.0\checker-qual-3.12.0.jar;C:\Users\Shelly\.m2\repository\com\google\errorprone\error_prone_annotations\2.11.0\error_prone_annotations-2.11.0.jar;C:\Users\Shelly\.m2\repository\com\google\j2objc\j2objc-annotations\1.3\j2objc-annotations-1.3.jar;C:\Users\Shelly\.m2\repository\org\seleniumhq\selenium\selenium-chromium-driver\4.4.0\selenium-chromium-driver-4.4.0.jar;C
Launcher Type: SUN_STANDARD

[Global flags]
     intx CICompilerCount                          = 4                                         {product} {ergonomic}
     uint ConcGCThreads                            = 2                                         {product} {ergonomic}
     uint G1ConcRefinementThreads                  = 8                                         {product} {ergonomic}
   size_t G1HeapRegionSize                         = 1048576                                   {product} {ergonomic}
    uintx GCDrainStackTargetSize                   = 64                                        {product} {ergonomic}
   size_t InitialHeapSize                          = 132120576                                 {product} {ergonomic}
   size_t MarkStackSize                            = 4194304                                   {product} {ergonomic}
   size_t MaxHeapSize                              = 2095054848                                {product} {ergonomic}
   size_t MaxNewSize                               = 1256194048                                {product} {ergonomic}
   size_t MinHeapDeltaBytes                        = 1048576                                   {product} {ergonomic}
    uintx NonNMethodCodeHeapSize                   = 5836300                                {pd product} {ergonomic}
    uintx NonProfiledCodeHeapSize                  = 122910970                              {pd product} {ergonomic}
    uintx ProfiledCodeHeapSize                     = 122910970                              {pd product} {ergonomic}
    uintx ReservedCodeCacheSize                    = 251658240                              {pd product} {ergonomic}
     bool SegmentedCodeCache                       = true                                      {product} {ergonomic}
     bool UseCompressedClassPointers               = true                                 {lp64_product} {ergonomic}
     bool UseCompressedOops                        = true                                 {lp64_product} {ergonomic}
     bool UseG1GC                                  = true                                      {product} {ergonomic}
     bool UseLargePagesIndividualAllocation        = false                                  {pd product} {ergonomic}

Logging:
Log output configuration:
 #0: stdout all=warning uptime,level,tags
 #1: stderr all=off uptime,level,tags

Environment Variables:
JAVA_HOME=C:\Program Files\Java\jdk-11.0.16.1
PATH=C:/Program Files/Java/jdk-11.0.16.1/bin/server;C:/Program Files/Java/jdk-11.0.16.1/bin;C:\Program Files\Common Files\Oracle\Java\javapath;C:\Python310\Scripts\;C:\Python310\;C:\WINDOWS\system32;C:\WINDOWS;C:\WINDOWS\System32\Wbem;C:\WINDOWS\System32\WindowsPowerShell\v1.0\;C:\WINDOWS\System32\OpenSSH\;C:\ProgramData\chocolatey\bin;C:\Program Files\Git\cmd;C:\Program Files\Amazon\AWSCLIV2\;C:\Program Files\Amazon\AWSSAMCLI\bin\;C:\ProgramData\nvm;C:\Program Files\nodejs;C:\Program Files\apache-maven-3.8.6\bin;C:\Program Files\apache-maven-3.8.6;C:\Users\Shelly\allure-2.19.0\bin;;C:\Program Files\Docker\Docker\resources\bin;C:\Users\Shelly\AppData\Local\Microsoft\WindowsApps;C:\Users\Shelly\AppData\Local\Programs\Microsoft VS Code\bin;C:\Users\Shelly\AppData\Local\GitHubDesktop\bin;C:\ProgramData\nvm;C:\Program Files\nodejs;C:\Selenium;;C:\Users\Shelly\Desktop;
USERNAME=Shelly
OS=Windows_NT
PROCESSOR_IDENTIFIER=Intel64 Family 6 Model 126 Stepping 5, GenuineIntel



---------------  S Y S T E M  ---------------

OS: Windows 11 , 64 bit Build 22000 (10.0.22000.1335)
Hyper-V role detected

CPU:total 8 (initial active 8) (4 cores per cpu, 2 threads per core) family 6 model 126 stepping 5 microcode 0xa6, cmov, cx8, fxsr, mmx, sse, sse2, sse3, ssse3, sse4.1, sse4.2, popcnt, avx, avx2, aes, clmul, erms, 3dnowpref, lzcnt, ht, tsc, tscinvbit, bmi1, bmi2, adx, evex, sha, fma

Memory: 4k page, system-wide physical 7987M (46M free)
TotalPageFile size 32563M (AvailPageFile size 25M)
current process WorkingSet (physical memory assigned to process): 265M, peak: 302M
current process commit charge ("private bytes"): 339M, peak: 374M

vm_info: Java HotSpot(TM) 64-Bit Server VM (11.0.16.1+1-LTS-1) for windows-amd64 JRE (11.0.16.1+1-LTS-1), built on Aug 16 2022 01:46:01 by "mach5one" with MS VC++ 15.9 (VS2017)

END.
